\BOOKMARK [0][-]{dummy.1}{\376\377\000A\000b\000s\000t\000r\000a\000c\000t}{}% 1
\BOOKMARK [0][-]{dummy.2}{\376\377\000A\000c\000k\000n\000o\000w\000l\000e\000d\000g\000e\000m\000e\000n\000t\000s}{}% 2
\BOOKMARK [0][-]{dummy.4}{\376\377\000L\000i\000s\000t\000\040\000o\000f\000\040\000F\000i\000g\000u\000r\000e\000s}{}% 3
\BOOKMARK [0][-]{dummy.6}{\376\377\000L\000i\000s\000t\000\040\000o\000f\000\040\000T\000a\000b\000l\000e\000s}{}% 4
\BOOKMARK [0][-]{dummy.8}{\376\377\000A\000b\000b\000r\000e\000v\000i\000a\000t\000i\000o\000n\000s}{}% 5
\BOOKMARK [0][-]{chapter.11}{\376\377\0001\000\040\000I\000n\000t\000r\000o\000d\000u\000c\000t\000i\000o\000n}{}% 6
\BOOKMARK [1][-]{section.12}{\376\377\0001\000.\0001\000\040\000W\000h\000a\000t\000\040\000i\000t\000'\000s\000\040\000a\000b\000o\000u\000t}{chapter.11}% 7
\BOOKMARK [1][-]{section.13}{\376\377\0001\000.\0002\000\040\000G\000o\000a\000l\000s\000\040\000a\000n\000d\000\040\000I\000n\000t\000e\000n\000t\000i\000o\000n\000s}{chapter.11}% 8
\BOOKMARK [1][-]{section.14}{\376\377\0001\000.\0003\000\040\000P\000r\000o\000j\000e\000c\000t\000\040\000S\000u\000m\000m\000a\000r\000y}{chapter.11}% 9
\BOOKMARK [1][-]{section.19}{\376\377\0001\000.\0004\000\040\000O\000t\000h\000e\000r\000\040\000I\000n\000f\000o\000r\000m\000a\000t\000i\000o\000n}{chapter.11}% 10
\BOOKMARK [2][-]{subsection.25}{\376\377\0001\000.\0004\000.\0001\000\040\000A\000\040\000n\000o\000t\000e\000\040\000o\000n\000\040\000o\000p\000e\000n\000n\000e\000s\000s}{section.19}% 11
\BOOKMARK [2][-]{subsection.26}{\376\377\0001\000.\0004\000.\0002\000\040\000P\000r\000o\000j\000e\000c\000t\000\040\000R\000e\000p\000o\000s\000i\000t\000o\000r\000y}{section.19}% 12
\BOOKMARK [0][-]{chapter.27}{\376\377\0002\000\040\000C\000r\000y\000p\000t\000o\000g\000r\000a\000p\000h\000i\000c\000\040\000P\000r\000i\000m\000i\000t\000i\000v\000e\000s}{}% 13
\BOOKMARK [1][-]{section.28}{\376\377\0002\000.\0001\000\040\000B\000a\000s\000i\000c\000s\000\040\000o\000f\000\040\000I\000n\000f\000o\000r\000m\000a\000t\000i\000o\000n\000\040\000S\000e\000c\000u\000r\000i\000t\000y}{chapter.27}% 14
\BOOKMARK [1][-]{section.30}{\376\377\0002\000.\0002\000\040\000O\000b\000j\000e\000c\000t\000i\000v\000e\000s}{chapter.27}% 15
\BOOKMARK [1][-]{section.35}{\376\377\0002\000.\0003\000\040\000K\000e\000y\000\040\000C\000o\000n\000c\000e\000p\000t\000s}{chapter.27}% 16
\BOOKMARK [1][-]{section.36}{\376\377\0002\000.\0004\000\040\000P\000r\000i\000m\000i\000t\000i\000v\000e\000s}{chapter.27}% 17
\BOOKMARK [2][-]{subsection.37}{\376\377\0002\000.\0004\000.\0001\000\040\000E\000n\000c\000r\000y\000p\000t\000i\000o\000n}{section.36}% 18
\BOOKMARK [3][-]{subsubsection.38}{\376\377\0002\000.\0004\000.\0001\000.\0001\000\040\000S\000y\000m\000m\000e\000t\000r\000i\000c\000\040\000K\000e\000y\000\040\000E\000n\000c\000r\000y\000p\000t\000i\000o\000n}{subsection.37}% 19
\BOOKMARK [2][-]{subsection.39}{\376\377\0002\000.\0004\000.\0002\000\040\000K\000e\000y\000\040\000A\000g\000r\000e\000e\000m\000e\000n\000t}{section.36}% 20
\BOOKMARK [3][-]{subsubsection.40}{\376\377\0002\000.\0004\000.\0002\000.\0001\000\040\000K\000e\000y\000\040\000D\000i\000s\000t\000r\000i\000b\000u\000t\000i\000o\000n\000\040\000C\000e\000n\000t\000r\000e}{subsection.39}% 21
\BOOKMARK [3][-]{subsubsection.46}{\376\377\0002\000.\0004\000.\0002\000.\0002\000\040\000A\000s\000y\000m\000m\000e\000t\000r\000i\000c\000\040\000C\000r\000y\000p\000t\000o\000g\000r\000a\000p\000h\000y}{subsection.39}% 22
\BOOKMARK [2][-]{subsection.51}{\376\377\0002\000.\0004\000.\0003\000\040\000A\000u\000t\000h\000e\000n\000t\000i\000c\000a\000t\000i\000o\000n}{section.36}% 23
\BOOKMARK [2][-]{subsection.54}{\376\377\0002\000.\0004\000.\0004\000\040\000D\000i\000g\000i\000t\000a\000l\000\040\000S\000i\000g\000n\000a\000t\000u\000r\000e\000s}{section.36}% 24
\BOOKMARK [2][-]{subsection.58}{\376\377\0002\000.\0004\000.\0005\000\040\000P\000u\000b\000l\000i\000c\000-\000k\000e\000y\000\040\000C\000e\000r\000t\000i\000f\000i\000c\000a\000t\000e\000s}{section.36}% 25
\BOOKMARK [2][-]{subsection.63}{\376\377\0002\000.\0004\000.\0006\000\040\000H\000a\000s\000h\000i\000n\000g}{section.36}% 26
\BOOKMARK [1][-]{section.66}{\376\377\0002\000.\0005\000\040\000M\000a\000t\000h\000e\000m\000a\000t\000i\000c\000s}{chapter.27}% 27
\BOOKMARK [2][-]{subsection.67}{\376\377\0002\000.\0005\000.\0001\000\040\000N\000o\000t\000a\000t\000i\000o\000n}{section.66}% 28
\BOOKMARK [2][-]{subsection.78}{\376\377\0002\000.\0005\000.\0002\000\040\000N\000u\000m\000b\000e\000r\000\040\000T\000h\000e\000o\000r\000y}{section.66}% 29
\BOOKMARK [3][-]{subsubsection.94}{\376\377\0002\000.\0005\000.\0002\000.\0001\000\040\000M\000o\000d\000u\000l\000o\000\040\000A\000r\000i\000t\000h\000m\000e\000t\000i\000c}{subsection.78}% 30
\BOOKMARK [2][-]{subsection.100}{\376\377\0002\000.\0005\000.\0003\000\040\000A\000b\000s\000t\000r\000a\000c\000t\000\040\000A\000l\000g\000e\000b\000r\000a}{section.66}% 31
\BOOKMARK [2][-]{subsection.101}{\376\377\0002\000.\0005\000.\0004\000\040\000C\000o\000m\000p\000l\000e\000x\000i\000t\000y}{section.66}% 32
\BOOKMARK [1][-]{section.103}{\376\377\0002\000.\0006\000\040\000M\000o\000v\000i\000n\000g\000\040\000O\000n}{chapter.27}% 33
\BOOKMARK [0][-]{chapter.104}{\376\377\0003\000\040\000N\000u\000m\000b\000e\000r\000\040\000T\000h\000e\000o\000r\000y\000\040\000a\000n\000d\000\040\000P\000u\000b\000l\000i\000c\000-\000k\000e\000y\000\040\000C\000r\000y\000p\000t\000o\000g\000r\000a\000p\000h\000y}{}% 34
\BOOKMARK [1][-]{section.105}{\376\377\0003\000.\0001\000\040\000O\000v\000e\000r\000v\000i\000e\000w}{chapter.104}% 35
\BOOKMARK [1][-]{section.106}{\376\377\0003\000.\0002\000\040\000M\000o\000d\000u\000l\000a\000r\000\040\000A\000r\000i\000t\000h\000m\000e\000t\000i\000c\000\040\000a\000n\000d\000\040\000C\000o\000n\000g\000r\000u\000e\000n\000c\000e}{chapter.104}% 36
\BOOKMARK [1][-]{section.107}{\376\377\0003\000.\0003\000\040\000P\000r\000i\000m\000e\000\040\000N\000u\000m\000b\000e\000r\000s}{chapter.104}% 37
\BOOKMARK [2][-]{subsection.109}{\376\377\0003\000.\0003\000.\0001\000\040\000G\000e\000n\000e\000r\000a\000t\000i\000o\000n}{section.107}% 38
\BOOKMARK [3][-]{subsubsection.110}{\376\377\0003\000.\0003\000.\0001\000.\0001\000\040\000A\000\040\000N\000o\000t\000e\000\040\000o\000n\000\040\000R\000a\000n\000d\000o\000m\000\040\000N\000u\000m\000b\000e\000r\000\040\000G\000e\000n\000e\000r\000a\000t\000o\000r\000s}{subsection.109}% 39
\BOOKMARK [1][-]{section.114}{\376\377\0003\000.\0004\000\040\000P\000u\000b\000l\000i\000c\000-\000k\000e\000y\000\040\000C\000r\000y\000p\000t\000o\000g\000r\000a\000p\000h\000y}{chapter.104}% 40
\BOOKMARK [1][-]{section.115}{\376\377\0003\000.\0005\000\040\000I\000n\000t\000e\000g\000e\000r\000s}{chapter.104}% 41
\BOOKMARK [2][-]{subsection.116}{\376\377\0003\000.\0005\000.\0001\000\040\000R\000S\000A}{section.115}% 42
\BOOKMARK [3][-]{subsubsection.117}{\376\377\0003\000.\0005\000.\0001\000.\0001\000\040\000I\000m\000p\000l\000e\000m\000e\000n\000t\000a\000t\000i\000o\000n}{subsection.116}% 43
\BOOKMARK [3][-]{subsubsection.118}{\376\377\0003\000.\0005\000.\0001\000.\0002\000\040\000T\000e\000x\000t\000b\000o\000o\000k\000s\000\040\000a\000n\000d\000\040\000O\000A\000E\000P}{subsection.116}% 44
\BOOKMARK [2][-]{subsection.119}{\376\377\0003\000.\0005\000.\0002\000\040\000D\000i\000f\000f\000i\000e\000-\000H\000e\000l\000l\000m\000a\000n}{section.115}% 45
\BOOKMARK [3][-]{subsubsection.120}{\376\377\0003\000.\0005\000.\0002\000.\0001\000\040\000I\000m\000p\000l\000e\000m\000e\000n\000t\000a\000t\000i\000o\000n}{subsection.119}% 46
\BOOKMARK [1][-]{section.121}{\376\377\0003\000.\0006\000\040\000O\000t\000h\000e\000r\000\040\000V\000a\000r\000i\000a\000t\000i\000o\000n\000s\000\040\000I\000m\000p\000l\000e\000m\000e\000n\000t\000i\000n\000g\000\040\000P\000K\000I}{chapter.104}% 47
\BOOKMARK [0][-]{chapter.122}{\376\377\0004\000\040\000S\000y\000m\000m\000e\000t\000r\000i\000c\000\040\000C\000r\000y\000p\000t\000o\000g\000r\000a\000p\000h\000y}{}% 48
\BOOKMARK [0][-]{chapter.123}{\376\377\0005\000\040\000I\000d\000e\000n\000t\000i\000f\000i\000c\000a\000t\000i\000o\000n\000\040\000a\000n\000d\000\040\000A\000u\000t\000h\000e\000n\000t\000i\000c\000a\000t\000i\000o\000n}{}% 49
\BOOKMARK [1][-]{section.124}{\376\377\0005\000.\0001\000\040\000O\000v\000e\000r\000v\000i\000e\000w\000\040\000a\000n\000d\000\040\000I\000n\000t\000e\000n\000t\000i\000o\000n\000s}{chapter.123}% 50
\BOOKMARK [1][-]{section.125}{\376\377\0005\000.\0002\000\040\000B\000a\000s\000i\000c\000\040\000a\000n\000d\000\040\000C\000o\000m\000m\000o\000n\000\040\000S\000c\000h\000e\000m\000e\000s}{chapter.123}% 51
\BOOKMARK [1][-]{section.126}{\376\377\0005\000.\0003\000\040\000D\000i\000g\000i\000t\000a\000l\000\040\000S\000i\000g\000n\000a\000t\000u\000r\000e\000s}{chapter.123}% 52
\BOOKMARK [1][-]{section.127}{\376\377\0005\000.\0004\000\040\000C\000e\000r\000t\000i\000f\000i\000c\000a\000t\000e\000s}{chapter.123}% 53
\BOOKMARK [1][-]{section.128}{\376\377\0005\000.\0005\000\040\000O\000t\000h\000e\000r\000\040\000M\000e\000t\000h\000o\000d\000s}{chapter.123}% 54
\BOOKMARK [0][-]{chapter.129}{\376\377\0006\000\040\000E\000n\000i\000g\000m\000a\000:\000\040\000A\000\040\000T\000e\000s\000t\000b\000e\000d}{}% 55
\BOOKMARK [1][-]{section.130}{\376\377\0006\000.\0001\000\040\000O\000v\000e\000r\000v\000i\000e\000w\000\040\000a\000n\000d\000\040\000I\000n\000t\000e\000n\000t\000i\000o\000n\000s}{chapter.129}% 56
\BOOKMARK [1][-]{section.131}{\376\377\0006\000.\0002\000\040\000E\000n\000g\000i\000n\000e\000e\000r\000i\000n\000g\000\040\000M\000e\000t\000h\000o\000d\000o\000l\000o\000g\000i\000e\000s\000\040\000a\000n\000d\000\040\000P\000l\000a\000n\000n\000i\000n\000g}{chapter.129}% 57
\BOOKMARK [2][-]{subsection.132}{\376\377\0006\000.\0002\000.\0001\000\040\000M\000e\000t\000h\000o\000d\000o\000l\000o\000g\000y}{section.131}% 58
\BOOKMARK [2][-]{subsection.133}{\376\377\0006\000.\0002\000.\0002\000\040\000D\000o\000c\000u\000m\000e\000n\000t\000a\000t\000i\000o\000n}{section.131}% 59
\BOOKMARK [1][-]{section.135}{\376\377\0006\000.\0003\000\040\000A\000p\000p\000l\000i\000c\000a\000t\000i\000o\000n\000\040\000D\000e\000v\000e\000l\000o\000p\000m\000e\000n\000t}{chapter.129}% 60
\BOOKMARK [2][-]{subsection.136}{\376\377\0006\000.\0003\000.\0001\000\040\000U\000s\000e\000r\000\040\000I\000n\000t\000e\000r\000f\000a\000c\000e}{section.135}% 61
\BOOKMARK [3][-]{subsubsection.137}{\376\377\0006\000.\0003\000.\0001\000.\0001\000\040\000G\000U\000I\000\040\000F\000r\000a\000m\000e\000w\000o\000r\000k\000s}{subsection.136}% 62
\BOOKMARK [1][-]{section.138}{\376\377\0006\000.\0004\000\040\000P\000r\000o\000t\000o\000c\000o\000l\000\040\000I\000m\000p\000l\000e\000m\000e\000n\000t\000a\000t\000i\000o\000n}{chapter.129}% 63
\BOOKMARK [1][-]{section.139}{\376\377\0006\000.\0005\000\040\000A\000l\000g\000o\000r\000i\000t\000h\000m\000\040\000I\000m\000p\000l\000e\000m\000e\000n\000t\000a\000t\000i\000o\000n}{chapter.129}% 64
\BOOKMARK [1][-]{section.140}{\376\377\0006\000.\0006\000\040\000U\000s\000a\000g\000e}{chapter.129}% 65
\BOOKMARK [1][-]{section.141}{\376\377\0006\000.\0007\000\040\000P\000r\000o\000g\000r\000a\000m\000\040\000L\000i\000s\000t\000i\000n\000g}{chapter.129}% 66
\BOOKMARK [0][-]{chapter.142}{\376\377\0007\000\040\000C\000r\000y\000p\000t\000a\000n\000a\000l\000y\000s\000i\000s}{}% 67
\BOOKMARK [1][-]{section.143}{\376\377\0007\000.\0001\000\040\000P\000u\000b\000l\000i\000c\000-\000k\000e\000y\000\040\000C\000r\000y\000p\000t\000o\000g\000r\000a\000p\000h\000y}{chapter.142}% 68
\BOOKMARK [2][-]{subsection.144}{\376\377\0007\000.\0001\000.\0001\000\040\000R\000S\000A}{section.143}% 69
\BOOKMARK [3][-]{subsubsection.145}{\376\377\0007\000.\0001\000.\0001\000.\0001\000\040\000B\000r\000u\000t\000e\000\040\000F\000o\000r\000c\000e}{subsection.144}% 70
\BOOKMARK [3][-]{subsubsection.146}{\376\377\0007\000.\0001\000.\0001\000.\0002\000\040\000E\000l\000e\000m\000e\000n\000t\000a\000r\000y\000\040\000A\000t\000t\000a\000c\000k\000s}{subsection.144}% 71
\BOOKMARK [4][-]{section*.147}{\376\377\000S\000m\000a\000l\000l\000\040\000E\000x\000p\000o\000n\000e\000n\000t}{subsubsection.146}% 72
\BOOKMARK [5][-]{section*.148}{\376\377\000P\000r\000i\000v\000a\000t\000e\000\040\000E\000x\000p\000o\000n\000e\000n\000t}{section*.147}% 73
\BOOKMARK [5][-]{section*.149}{\376\377\000P\000u\000b\000l\000i\000c\000\040\000E\000x\000p\000o\000n\000e\000n\000t}{section*.147}% 74
\BOOKMARK [4][-]{section*.150}{\376\377\000K\000e\000y\000\040\000E\000x\000p\000o\000s\000u\000r\000e}{subsubsection.146}% 75
\BOOKMARK [4][-]{section*.151}{\376\377\000C\000o\000p\000p\000e\000r\000s\000m\000i\000t\000h\000'\000s\000\040\000S\000h\000o\000r\000t\000\040\000P\000a\000d\000\040\000A\000t\000t\000a\000c\000k}{subsubsection.146}% 76
\BOOKMARK [5][-]{section*.152}{\376\377\000H\000a\000s\000t\000a\000d\000'\000s\000\040\000B\000r\000o\000a\000d\000c\000a\000s\000t\000\040\000A\000t\000t\000a\000c\000k}{section*.151}% 77
\BOOKMARK [4][-]{section*.153}{\376\377\000R\000e\000l\000a\000t\000e\000d\000\040\000M\000e\000s\000s\000a\000g\000e\000\040\000A\000t\000t\000a\000c\000k}{subsubsection.146}% 78
\BOOKMARK [4][-]{section*.154}{\376\377\000F\000o\000r\000w\000a\000r\000d\000\040\000S\000e\000a\000r\000c\000h\000\040\000A\000t\000t\000a\000c\000k}{subsubsection.146}% 79
\BOOKMARK [4][-]{section*.155}{\376\377\000C\000o\000m\000m\000o\000n\000\040\000M\000o\000d\000u\000l\000u\000s\000\040\000A\000t\000t\000a\000c\000k}{subsubsection.146}% 80
\BOOKMARK [4][-]{section*.156}{\376\377\000C\000y\000c\000l\000i\000n\000g\000\040\000A\000t\000t\000a\000c\000k}{subsubsection.146}% 81
\BOOKMARK [4][-]{section*.157}{\376\377\000M\000e\000s\000s\000a\000g\000e\000\040\000C\000o\000n\000c\000e\000a\000l\000i\000n\000g}{subsubsection.146}% 82
\BOOKMARK [3][-]{subsubsection.158}{\376\377\0007\000.\0001\000.\0001\000.\0003\000\040\000S\000y\000s\000t\000e\000m\000\040\000a\000n\000d\000\040\000I\000m\000p\000l\000e\000m\000e\000n\000t\000a\000t\000i\000o\000n\000\040\000A\000t\000t\000a\000c\000k\000s}{subsection.144}% 83
\BOOKMARK [4][-]{section*.159}{\376\377\000T\000i\000m\000i\000n\000g}{subsubsection.158}% 84
\BOOKMARK [4][-]{section*.160}{\376\377\000R\000a\000n\000d\000o\000m\000\040\000F\000a\000u\000l\000t\000s}{subsubsection.158}% 85
\BOOKMARK [4][-]{section*.161}{\376\377\000B\000l\000e\000i\000c\000h\000e\000n\000b\000a\000c\000h\000e\000r\000'\000s\000\040\000A\000t\000t\000a\000c\000k}{subsubsection.158}% 86
\BOOKMARK [2][-]{subsection.162}{\376\377\0007\000.\0001\000.\0002\000\040\000C\000e\000r\000t\000i\000f\000i\000c\000a\000t\000e\000s\000\040\000a\000n\000d\000\040\000A\000u\000t\000h\000e\000n\000t\000i\000c\000a\000t\000i\000o\000n}{section.143}% 87
\BOOKMARK [3][-]{subsubsection.163}{\376\377\0007\000.\0001\000.\0002\000.\0001\000\040\000I\000m\000p\000l\000e\000m\000e\000n\000t\000a\000t\000i\000o\000n\000\040\000A\000t\000t\000a\000c\000k\000s}{subsection.162}% 88
\BOOKMARK [4][-]{section*.164}{\376\377\000S\000S\000L\000\040\000B\000E\000A\000S\000T}{subsubsection.163}% 89
\BOOKMARK [4][-]{section*.165}{\376\377\000A\000u\000t\000h\000o\000r\000i\000t\000y\000\040\000S\000e\000c\000u\000r\000i\000t\000y\000\040\000a\000n\000d\000\040\000I\000m\000p\000e\000r\000s\000o\000n\000a\000t\000i\000o\000n}{subsubsection.163}% 90
\BOOKMARK [1][-]{section.166}{\376\377\0007\000.\0002\000\040\000S\000y\000m\000m\000e\000t\000r\000i\000c\000\040\000C\000r\000y\000p\000t\000o\000g\000r\000a\000p\000h\000y}{chapter.142}% 91
\BOOKMARK [2][-]{subsection.167}{\376\377\0007\000.\0002\000.\0001\000\040\000B\000r\000u\000t\000e\000-\000f\000o\000r\000c\000e}{section.166}% 92
\BOOKMARK [2][-]{subsection.168}{\376\377\0007\000.\0002\000.\0002\000\040\000X\000S\000L\000\040\000A\000t\000t\000a\000c\000k}{section.166}% 93
\BOOKMARK [2][-]{subsection.169}{\376\377\0007\000.\0002\000.\0003\000\040\000B\000i\000r\000y\000u\000k\000o\000v\000\040\000a\000n\000d\000\040\000K\000h\000o\000v\000r\000a\000t\000o\000v\000i\000c\000h}{section.166}% 94
\BOOKMARK [2][-]{subsection.170}{\376\377\0007\000.\0002\000.\0004\000\040\000R\000e\000l\000a\000t\000e\000d\000\040\000K\000e\000y\000\040\000A\000t\000t\000a\000c\000k}{section.166}% 95
\BOOKMARK [2][-]{subsection.171}{\376\377\0007\000.\0002\000.\0005\000\040\000K\000n\000o\000w\000n\000-\000k\000e\000y\000\040\000D\000i\000s\000t\000i\000n\000g\000u\000i\000s\000h\000i\000n\000g\000\040\000A\000t\000t\000a\000c\000k}{section.166}% 96
\BOOKMARK [2][-]{subsection.172}{\376\377\0007\000.\0002\000.\0006\000\040\000B\000o\000g\000d\000a\000n\000o\000v\000,\000\040\000K\000h\000o\000v\000r\000a\000t\000o\000v\000i\000c\000h\000,\000\040\000a\000n\000d\000\040\000R\000e\000c\000h\000b\000e\000r\000g\000e\000r}{section.166}% 97
\BOOKMARK [2][-]{subsection.173}{\376\377\0007\000.\0002\000.\0007\000\040\000S\000i\000d\000e\000-\000c\000h\000a\000n\000n\000e\000l\000\040\000a\000t\000t\000a\000c\000k\000s}{section.166}% 98
\BOOKMARK [1][-]{section.174}{\376\377\0007\000.\0003\000\040\000H\000a\000s\000h\000\040\000F\000u\000n\000c\000t\000i\000o\000n\000s}{chapter.142}% 99
\BOOKMARK [2][-]{subsection.175}{\376\377\0007\000.\0003\000.\0001\000\040\000B\000i\000r\000t\000h\000d\000a\000y\000\040\000A\000t\000t\000a\000c\000k\000s}{section.174}% 100
\BOOKMARK [2][-]{subsection.176}{\376\377\0007\000.\0003\000.\0002\000\040\000C\000o\000l\000l\000i\000s\000i\000o\000n\000\040\000a\000n\000d\000\040\000C\000o\000m\000p\000r\000e\000s\000s\000i\000o\000n}{section.174}% 101
\BOOKMARK [2][-]{subsection.177}{\376\377\0007\000.\0003\000.\0003\000\040\000C\000h\000a\000i\000n\000i\000n\000g\000\040\000A\000t\000t\000a\000c\000k}{section.174}% 102
\BOOKMARK [1][-]{section.178}{\376\377\0007\000.\0004\000\040\000E\000m\000e\000r\000g\000i\000n\000g\000\040\000T\000h\000r\000e\000a\000t\000s}{chapter.142}% 103
\BOOKMARK [2][-]{subsection.179}{\376\377\0007\000.\0004\000.\0001\000\040\000Q\000u\000a\000n\000t\000u\000m\000\040\000C\000r\000y\000p\000t\000o\000g\000r\000a\000p\000h\000y\000\040\000a\000n\000d\000\040\000C\000r\000y\000p\000t\000a\000n\000a\000l\000y\000s\000i\000s}{section.178}% 104
\BOOKMARK [2][-]{subsection.180}{\376\377\0007\000.\0004\000.\0002\000\040\000R\000o\000n\000\040\000w\000a\000s\000\040\000w\000r\000o\000n\000g\000,\000\040\000W\000h\000i\000t\000\040\000i\000s\000\040\000r\000i\000g\000h\000t}{section.178}% 105
\BOOKMARK [3][-]{subsubsection.181}{\376\377\0007\000.\0004\000.\0002\000.\0001\000\040\000S\000o\000n\000y\000\040\000P\000l\000a\000y\000S\000t\000a\000t\000i\000o\000n\000\040\0003}{subsection.180}% 106
\BOOKMARK [1][-]{section.182}{\376\377\0007\000.\0005\000\040\000A\000\040\000c\000o\000m\000m\000e\000n\000t\000\040\000o\000n\000\040\000t\000h\000e\000o\000r\000y}{chapter.142}% 107
\BOOKMARK [0][-]{chapter.183}{\376\377\0008\000\040\000O\000u\000t\000c\000o\000m\000e\000s\000\040\000a\000n\000d\000\040\000F\000u\000r\000t\000h\000e\000r\000\040\000R\000e\000s\000e\000a\000r\000c\000h}{}% 108
\BOOKMARK [1][-]{section.184}{\376\377\0008\000.\0001\000\040\000F\000u\000l\000f\000i\000l\000m\000e\000n\000t\000\040\000o\000f\000\040\000S\000p\000e\000c\000i\000f\000i\000c\000a\000t\000i\000o\000n}{chapter.183}% 109
\BOOKMARK [1][-]{section.185}{\376\377\0008\000.\0002\000\040\000T\000e\000s\000t\000i\000n\000g}{chapter.183}% 110
\BOOKMARK [2][-]{subsection.186}{\376\377\0008\000.\0002\000.\0001\000\040\000T\000e\000s\000t\000\040\000D\000r\000i\000v\000e\000n\000\040\000D\000e\000v\000e\000l\000o\000p\000m\000e\000n\000t}{section.185}% 111
\BOOKMARK [2][-]{subsection.187}{\376\377\0008\000.\0002\000.\0002\000\040\000U\000n\000i\000t\000\040\000T\000e\000s\000t\000i\000n\000g}{section.185}% 112
\BOOKMARK [2][-]{subsection.188}{\376\377\0008\000.\0002\000.\0003\000\040\000C\000o\000d\000e\000\040\000C\000o\000v\000e\000r\000a\000g\000e}{section.185}% 113
\BOOKMARK [2][-]{subsection.189}{\376\377\0008\000.\0002\000.\0004\000\040\000F\000u\000n\000c\000t\000i\000o\000n\000a\000l\000\040\000T\000e\000s\000t\000i\000n\000g}{section.185}% 114
\BOOKMARK [1][-]{section.190}{\376\377\0008\000.\0003\000\040\000P\000r\000o\000b\000l\000e\000m\000s\000\040\000a\000n\000d\000\040\000E\000v\000a\000l\000u\000a\000t\000i\000o\000n}{chapter.183}% 115
\BOOKMARK [1][-]{section.191}{\376\377\0008\000.\0004\000\040\000L\000i\000m\000i\000t\000a\000t\000i\000o\000n\000s}{chapter.183}% 116
\BOOKMARK [2][-]{subsection.192}{\376\377\0008\000.\0004\000.\0001\000\040\000S\000t\000a\000n\000d\000a\000r\000d\000s\000\040\000C\000o\000m\000p\000l\000i\000a\000n\000c\000e}{section.191}% 117
\BOOKMARK [2][-]{subsection.193}{\376\377\0008\000.\0004\000.\0002\000\040\000H\000a\000r\000d\000w\000a\000r\000e\000\040\000I\000m\000p\000l\000e\000m\000e\000n\000t\000a\000t\000i\000o\000n}{section.191}% 118
\BOOKMARK [1][-]{section.194}{\376\377\0008\000.\0005\000\040\000P\000r\000o\000j\000e\000c\000t\000\040\000M\000a\000n\000a\000g\000e\000m\000e\000n\000t}{chapter.183}% 119
\BOOKMARK [1][-]{section.195}{\376\377\0008\000.\0006\000\040\000S\000u\000m\000m\000a\000r\000y}{chapter.183}% 120
\BOOKMARK [0][-]{appendix.196}{\376\377\000A\000\040\000E\000n\000i\000g\000m\000a\000\040\000A\000p\000p\000l\000i\000c\000a\000t\000i\000o\000n\000\040\000S\000p\000e\000c\000i\000f\000i\000c\000a\000t\000i\000o\000n}{}% 121
\BOOKMARK [1][-]{section.197}{\376\377\000A\000.\0001\000\040\000I\000n\000t\000r\000o\000d\000u\000c\000t\000i\000o\000n}{appendix.196}% 122
\BOOKMARK [2][-]{subsection.198}{\376\377\000A\000.\0001\000.\0001\000\040\000P\000u\000r\000p\000o\000s\000e}{section.197}% 123
\BOOKMARK [2][-]{subsection.199}{\376\377\000A\000.\0001\000.\0002\000\040\000S\000c\000o\000p\000e}{section.197}% 124
\BOOKMARK [2][-]{subsection.200}{\376\377\000A\000.\0001\000.\0003\000\040\000D\000e\000f\000i\000n\000i\000t\000i\000o\000n\000s}{section.197}% 125
\BOOKMARK [2][-]{subsection.201}{\376\377\000A\000.\0001\000.\0004\000\040\000O\000v\000e\000r\000v\000i\000e\000w}{section.197}% 126
\BOOKMARK [1][-]{section.202}{\376\377\000A\000.\0002\000\040\000O\000v\000e\000r\000a\000l\000l\000\040\000D\000e\000s\000c\000r\000i\000p\000t\000i\000o\000n}{appendix.196}% 127
\BOOKMARK [2][-]{subsection.203}{\376\377\000A\000.\0002\000.\0001\000\040\000P\000r\000o\000d\000u\000c\000t\000\040\000P\000e\000r\000s\000p\000e\000c\000t\000i\000v\000e}{section.202}% 128
\BOOKMARK [2][-]{subsection.204}{\376\377\000A\000.\0002\000.\0002\000\040\000P\000r\000o\000d\000u\000c\000t\000\040\000F\000u\000n\000c\000t\000i\000o\000n\000s}{section.202}% 129
\BOOKMARK [2][-]{subsection.205}{\376\377\000A\000.\0002\000.\0003\000\040\000U\000s\000e\000r\000\040\000C\000h\000a\000r\000a\000c\000t\000e\000r\000i\000s\000t\000i\000c\000s}{section.202}% 130
\BOOKMARK [2][-]{subsection.206}{\376\377\000A\000.\0002\000.\0004\000\040\000C\000o\000n\000s\000t\000r\000a\000i\000n\000t\000s}{section.202}% 131
\BOOKMARK [2][-]{subsection.207}{\376\377\000A\000.\0002\000.\0005\000\040\000A\000s\000s\000u\000m\000p\000t\000i\000o\000n\000s\000\040\000a\000n\000d\000\040\000d\000e\000p\000e\000n\000d\000e\000n\000c\000i\000e\000s}{section.202}% 132
\BOOKMARK [0][-]{appendix.208}{\376\377\000B\000\040\000E\000n\000i\000g\000m\000a\000\040\000P\000r\000o\000t\000o\000c\000o\000l\000\040\000S\000p\000e\000c\000i\000f\000i\000c\000a\000t\000i\000o\000n}{}% 133
\BOOKMARK [1][-]{section.209}{\376\377\000B\000.\0001\000\040\000I\000n\000t\000r\000o\000d\000u\000c\000t\000i\000o\000n}{appendix.208}% 134
\BOOKMARK [1][-]{section.211}{\376\377\000B\000.\0002\000\040\000R\000e\000q\000u\000i\000r\000e\000m\000e\000n\000t\000s}{appendix.208}% 135
\BOOKMARK [1][-]{section.215}{\376\377\000B\000.\0003\000\040\000H\000i\000s\000t\000o\000r\000y}{appendix.208}% 136
\BOOKMARK [1][-]{section.216}{\376\377\000B\000.\0004\000\040\000T\000e\000r\000m\000i\000n\000o\000l\000o\000g\000y}{appendix.208}% 137
\BOOKMARK [1][-]{section.217}{\376\377\000B\000.\0005\000\040\000F\000o\000r\000m\000a\000t}{appendix.208}% 138
\BOOKMARK [1][-]{section.218}{\376\377\000B\000.\0006\000\040\000C\000o\000m\000m\000a\000n\000d\000s}{appendix.208}% 139
\BOOKMARK [2][-]{subsection.219}{\376\377\000B\000.\0006\000.\0001\000\040\000C\000o\000n\000n\000e\000c\000t\000i\000o\000n}{section.218}% 140
\BOOKMARK [2][-]{subsection.220}{\376\377\000B\000.\0006\000.\0002\000\040\000A\000u\000t\000h\000e\000n\000t\000i\000c\000a\000t\000i\000o\000n}{section.218}% 141
\BOOKMARK [2][-]{subsection.221}{\376\377\000B\000.\0006\000.\0003\000\040\000M\000e\000s\000s\000a\000g\000i\000n\000g}{section.218}% 142
\BOOKMARK [2][-]{subsection.222}{\376\377\000B\000.\0006\000.\0004\000\040\000E\000r\000r\000o\000r\000s}{section.218}% 143
\BOOKMARK [0][-]{appendix.223}{\376\377\000C\000\040\000L\000i\000c\000e\000n\000c\000e\000d\000\040\000S\000o\000f\000t\000w\000a\000r\000e\000\040\000U\000s\000a\000g\000e}{}% 144
\BOOKMARK [0][-]{appendix.228}{\376\377\000D\000\040\000E\000n\000i\000g\000m\000a\000:\000\040\000U\000s\000e\000r\000\040\000M\000a\000n\000u\000a\000l}{}% 145
\BOOKMARK [0][-]{dummy.229}{\376\377\000B\000i\000b\000l\000i\000o\000g\000r\000a\000p\000h\000y}{}% 146
