\BOOKMARK [0][-]{dummy.1}{\376\377\000A\000b\000s\000t\000r\000a\000c\000t}{}% 1
\BOOKMARK [0][-]{dummy.2}{\376\377\000A\000c\000k\000n\000o\000w\000l\000e\000d\000g\000e\000m\000e\000n\000t\000s}{}% 2
\BOOKMARK [0][-]{dummy.4}{\376\377\000L\000i\000s\000t\000\040\000o\000f\000\040\000F\000i\000g\000u\000r\000e\000s}{}% 3
\BOOKMARK [0][-]{dummy.6}{\376\377\000L\000i\000s\000t\000\040\000o\000f\000\040\000T\000a\000b\000l\000e\000s}{}% 4
\BOOKMARK [0][-]{dummy.8}{\376\377\000A\000b\000b\000r\000e\000v\000i\000a\000t\000i\000o\000n\000s}{}% 5
\BOOKMARK [0][-]{chapter.11}{\376\377\0001\000\040\000I\000n\000t\000r\000o\000d\000u\000c\000t\000i\000o\000n}{}% 6
\BOOKMARK [1][-]{section.12}{\376\377\0001\000.\0001\000\040\000W\000h\000a\000t\000\040\000i\000t\000'\000s\000\040\000a\000b\000o\000u\000t}{chapter.11}% 7
\BOOKMARK [1][-]{section.14}{\376\377\0001\000.\0002\000\040\000G\000o\000a\000l\000s\000\040\000a\000n\000d\000\040\000I\000n\000t\000e\000n\000t\000i\000o\000n\000s}{chapter.11}% 8
\BOOKMARK [1][-]{section.15}{\376\377\0001\000.\0003\000\040\000P\000r\000o\000j\000e\000c\000t\000\040\000S\000u\000m\000m\000a\000r\000y}{chapter.11}% 9
\BOOKMARK [1][-]{section.20}{\376\377\0001\000.\0004\000\040\000O\000t\000h\000e\000r\000\040\000I\000n\000f\000o\000r\000m\000a\000t\000i\000o\000n}{chapter.11}% 10
\BOOKMARK [2][-]{subsection.21}{\376\377\0001\000.\0004\000.\0001\000\040\000P\000r\000o\000j\000e\000c\000t\000\040\000R\000e\000p\000o\000s\000i\000t\000o\000r\000y}{section.20}% 11
\BOOKMARK [2][-]{subsection.22}{\376\377\0001\000.\0004\000.\0002\000\040\000O\000p\000e\000n\000n\000e\000s\000s}{section.20}% 12
\BOOKMARK [0][-]{chapter.23}{\376\377\0002\000\040\000C\000r\000y\000p\000t\000o\000g\000r\000a\000p\000h\000i\000c\000\040\000P\000r\000i\000m\000i\000t\000i\000v\000e\000s}{}% 13
\BOOKMARK [1][-]{section.24}{\376\377\0002\000.\0001\000\040\000B\000a\000s\000i\000c\000s\000\040\000o\000f\000\040\000I\000n\000f\000o\000r\000m\000a\000t\000i\000o\000n\000\040\000S\000e\000c\000u\000r\000i\000t\000y}{chapter.23}% 14
\BOOKMARK [1][-]{section.26}{\376\377\0002\000.\0002\000\040\000K\000e\000y\000\040\000C\000o\000n\000c\000e\000p\000t\000s\000\040\000a\000n\000d\000\040\000O\000b\000j\000e\000c\000t\000i\000v\000e\000s}{chapter.23}% 15
\BOOKMARK [0][-]{chapter.28}{\376\377\0003\000\040\000C\000r\000y\000p\000t\000o\000g\000r\000a\000p\000h\000i\000c\000\040\000P\000r\000i\000m\000i\000t\000i\000v\000e\000s}{}% 16
\BOOKMARK [1][-]{section.29}{\376\377\0003\000.\0001\000\040\000C\000r\000y\000p\000t\000o\000g\000r\000a\000p\000h\000y\000\040\000B\000a\000s\000i\000c\000s}{chapter.28}% 17
\BOOKMARK [1][-]{section.30}{\376\377\0003\000.\0002\000\040\000R\000e\000a\000l\000\040\000L\000i\000f\000e\000\040\000C\000r\000y\000p\000t\000o\000g\000r\000a\000p\000h\000y}{chapter.28}% 18
\BOOKMARK [1][-]{section.31}{\376\377\0003\000.\0003\000\040\000P\000r\000i\000m\000i\000t\000i\000v\000e\000s}{chapter.28}% 19
\BOOKMARK [2][-]{subsection.32}{\376\377\0003\000.\0003\000.\0001\000\040\000K\000e\000y\000\040\000A\000g\000r\000e\000e\000m\000e\000n\000t}{section.31}% 20
\BOOKMARK [2][-]{subsection.33}{\376\377\0003\000.\0003\000.\0002\000\040\000E\000n\000c\000r\000y\000p\000t\000i\000o\000n}{section.31}% 21
\BOOKMARK [2][-]{subsection.34}{\376\377\0003\000.\0003\000.\0003\000\040\000A\000u\000t\000h\000e\000n\000t\000i\000c\000a\000t\000i\000o\000n\000\040\000a\000n\000d\000\040\000I\000d\000e\000n\000t\000i\000f\000i\000c\000a\000t\000i\000o\000n}{section.31}% 22
\BOOKMARK [2][-]{subsection.35}{\376\377\0003\000.\0003\000.\0004\000\040\000H\000a\000s\000h\000i\000n\000g}{section.31}% 23
\BOOKMARK [0][-]{chapter.36}{\376\377\0004\000\040\000A\000l\000g\000o\000r\000i\000t\000h\000m\000\040\000I\000m\000p\000l\000e\000m\000e\000n\000t\000a\000t\000i\000o\000n\000s}{}% 24
\BOOKMARK [1][-]{section.37}{\376\377\0004\000.\0001\000\040\000C\000o\000m\000m\000a\000n\000d\000\040\000L\000i\000n\000e\000\040\000I\000m\000p\000l\000e\000m\000e\000n\000t\000a\000t\000i\000o\000n\000s}{chapter.36}% 25
\BOOKMARK [1][-]{section.38}{\376\377\0004\000.\0002\000\040\000K\000e\000y\000\040\000A\000g\000r\000e\000e\000m\000e\000n\000t}{chapter.36}% 26
\BOOKMARK [2][-]{subsection.39}{\376\377\0004\000.\0002\000.\0001\000\040\000R\000S\000A}{section.38}% 27
\BOOKMARK [2][-]{subsection.40}{\376\377\0004\000.\0002\000.\0002\000\040\000D\000i\000f\000f\000i\000e\000-\000H\000e\000l\000l\000m\000a\000n}{section.38}% 28
\BOOKMARK [1][-]{section.41}{\376\377\0004\000.\0003\000\040\000E\000n\000c\000r\000y\000p\000t\000i\000o\000n\000\040\000a\000n\000d\000\040\000S\000y\000m\000m\000e\000t\000r\000i\000c\000\040\000C\000i\000p\000h\000e\000r\000s}{chapter.36}% 29
\BOOKMARK [2][-]{subsection.42}{\376\377\0004\000.\0003\000.\0001\000\040\000A\000E\000S}{section.41}% 30
\BOOKMARK [2][-]{subsection.43}{\376\377\0004\000.\0003\000.\0002\000\040\000T\000w\000o\000f\000i\000s\000h}{section.41}% 31
\BOOKMARK [1][-]{section.44}{\376\377\0004\000.\0004\000\040\000A\000u\000t\000h\000e\000n\000t\000i\000c\000a\000t\000i\000o\000n\000\040\000a\000n\000d\000\040\000I\000d\000e\000n\000t\000i\000f\000i\000c\000a\000t\000i\000o\000n}{chapter.36}% 32
\BOOKMARK [2][-]{subsection.45}{\376\377\0004\000.\0004\000.\0001\000\040\000R\000S\000A\000\040\000S\000i\000g\000n\000i\000n\000g}{section.44}% 33
\BOOKMARK [2][-]{subsection.46}{\376\377\0004\000.\0004\000.\0002\000\040\000D\000i\000g\000i\000t\000a\000l\000\040\000C\000e\000r\000t\000i\000f\000i\000c\000a\000t\000e\000s}{section.44}% 34
\BOOKMARK [1][-]{section.47}{\376\377\0004\000.\0005\000\040\000H\000a\000s\000h\000i\000n\000g}{chapter.36}% 35
\BOOKMARK [1][-]{section.48}{\376\377\0004\000.\0006\000\040\000S\000H\000A\000\040\000F\000a\000m\000i\000l\000y}{chapter.36}% 36
\BOOKMARK [1][-]{section.49}{\376\377\0004\000.\0007\000\040\000S\000k\000e\000i\000n}{chapter.36}% 37
\BOOKMARK [0][-]{chapter.50}{\376\377\0005\000\040\000E\000n\000i\000g\000m\000a\000:\000\040\000A\000\040\000T\000e\000s\000t\000b\000e\000d}{}% 38
\BOOKMARK [1][-]{section.51}{\376\377\0005\000.\0001\000\040\000D\000e\000s\000c\000r\000i\000p\000t\000i\000o\000n}{chapter.50}% 39
\BOOKMARK [1][-]{section.52}{\376\377\0005\000.\0002\000\040\000P\000r\000o\000t\000o\000c\000o\000l}{chapter.50}% 40
\BOOKMARK [1][-]{section.53}{\376\377\0005\000.\0003\000\040\000I\000n\000t\000e\000r\000f\000a\000c\000e}{chapter.50}% 41
\BOOKMARK [0][-]{chapter.54}{\376\377\0006\000\040\000A\000t\000t\000a\000c\000k\000s\000\040\000a\000n\000d\000\040\000F\000l\000a\000w\000s}{}% 42
\BOOKMARK [0][-]{chapter.55}{\376\377\0007\000\040\000F\000u\000r\000t\000h\000e\000r\000\040\000R\000e\000s\000e\000a\000r\000c\000h}{}% 43
\BOOKMARK [0][-]{chapter.56}{\376\377\0008\000\040\000E\000n\000i\000g\000m\000a\000:\000\040\000A\000\040\000T\000e\000s\000t\000b\000e\000d}{}% 44
\BOOKMARK [1][-]{section.57}{\376\377\0008\000.\0001\000\040\000D\000e\000s\000c\000r\000i\000p\000t\000i\000o\000n}{chapter.56}% 45
\BOOKMARK [1][-]{section.58}{\376\377\0008\000.\0002\000\040\000P\000r\000o\000t\000o\000c\000o\000l}{chapter.56}% 46
\BOOKMARK [1][-]{section.59}{\376\377\0008\000.\0003\000\040\000I\000n\000t\000e\000r\000f\000a\000c\000e}{chapter.56}% 47
\BOOKMARK [0][-]{chapter.60}{\376\377\0009\000\040\000A\000t\000t\000a\000c\000k\000s\000\040\000a\000n\000d\000\040\000F\000l\000a\000w\000s}{}% 48
\BOOKMARK [0][-]{chapter.61}{\376\377\0001\0000\000\040\000F\000u\000r\000t\000h\000e\000r\000\040\000R\000e\000s\000e\000a\000r\000c\000h}{}% 49
\BOOKMARK [0][-]{appendix.62}{\376\377\000A\000\040\000E\000n\000i\000g\000m\000a\000\040\000A\000p\000p\000l\000i\000c\000a\000t\000i\000o\000n\000\040\000S\000p\000e\000c\000i\000f\000i\000c\000a\000t\000i\000o\000n}{}% 50
\BOOKMARK [0][-]{appendix.63}{\376\377\000B\000\040\000E\000n\000i\000g\000m\000a\000\040\000P\000r\000o\000t\000o\000c\000o\000l\000\040\000S\000p\000e\000c\000i\000f\000i\000c\000a\000t\000i\000o\000n}{}% 51
